  tolstaki.cpp
C:\Users\balyb\source\repos\tolstaki\tolstaki.cpp(104,18): warning C4566: символ, представленный универсальным именем символа "\u25A0", невозможно представить в текущей кодовой странице (1251)
C:\Users\balyb\source\repos\tolstaki\tolstaki.cpp(104,48): warning C4566: символ, представленный универсальным именем символа "\u25A0", невозможно представить в текущей кодовой странице (1251)
C:\Users\balyb\source\repos\tolstaki\tolstaki.cpp(119,49): warning C4244: =: преобразование "_Rep" в "int", возможна потеря данных
C:\Users\balyb\source\repos\tolstaki\tolstaki.cpp(119,49): warning C4244:         with
C:\Users\balyb\source\repos\tolstaki\tolstaki.cpp(119,49): warning C4244:         [
C:\Users\balyb\source\repos\tolstaki\tolstaki.cpp(119,49): warning C4244:             _Rep=__int64
C:\Users\balyb\source\repos\tolstaki\tolstaki.cpp(119,49): warning C4244:         ]
C:\Users\balyb\source\repos\tolstaki\tolstaki.cpp(150,36): warning C4566: символ, представленный универсальным именем символа "\u2705", невозможно представить в текущей кодовой странице (1251)
C:\Users\balyb\source\repos\tolstaki\tolstaki.cpp(151,19): warning C4566: символ, представленный универсальным именем символа "\u274C", невозможно представить в текущей кодовой странице (1251)
C:\Users\balyb\source\repos\tolstaki\tolstaki.cpp(156,36): warning C4566: символ, представленный универсальным именем символа "\u2705", невозможно представить в текущей кодовой странице (1251)
C:\Users\balyb\source\repos\tolstaki\tolstaki.cpp(157,19): warning C4566: символ, представленный универсальным именем символа "\u274C", невозможно представить в текущей кодовой странице (1251)
C:\Users\balyb\source\repos\tolstaki\tolstaki.cpp(162,36): warning C4566: символ, представленный универсальным именем символа "\u2705", невозможно представить в текущей кодовой странице (1251)
C:\Users\balyb\source\repos\tolstaki\tolstaki.cpp(163,19): warning C4566: символ, представленный универсальным именем символа "\u274C", невозможно представить в текущей кодовой странице (1251)
  Создание кода
  48 of 209 functions (23.0%) were compiled, the rest were copied from previous compilation.
    30 functions were new in current compilation
    1 functions had inline decision re-evaluated but remain unchanged
  Создание кода завершено
  tolstaki.vcxproj -> C:\Users\balyb\source\repos\tolstaki\x64\Release\tolstaki.exe
